<?xml version="1.0" encoding="UTF-8"?>
<!-- Generated by org.testng.reporters.JUnitXMLReporter -->
<testsuite ignored="0" hostname="Personal" failures="0" tests="4" name="com.FirstTest" time="10.706" errors="0" timestamp="08 Oct 2018 18:18:29 GMT">
  <testcase classname="tests.FirstTest" name="GOOGLE0" time="8.538"/>
  <testcase classname="tests.FirstTest" name="GOOGLE2" time="0.68"/>
  <testcase classname="tests.FirstTest" name="GOOGLE3" time="0.619"/>
  <testcase classname="tests.FirstTest" name="GOOGLE4" time="0.665"/>
</testsuite> <!-- com.FirstTest -->
