<?xml version="1.0" encoding="UTF-8"?>
<!-- Generated by org.testng.reporters.JUnitXMLReporter -->
<testsuite ignored="0" hostname="Personal" failures="0" tests="3" name="FirstTest" time="1.322" errors="0" timestamp="07 Oct 2018 18:18:35 GMT">
  <testcase classname="util.TestBase" name="@BeforeMethod setupTest" time="1.254">
    <failure type="org.openqa.selenium.SessionNotCreatedException" message="Unable to create new service: ChromeDriverService
Build info: version: &amp;apos;3.14.0&amp;apos;, revision: &amp;apos;aacccce0&amp;apos;, time: &amp;apos;2018-08-02T20:13:22.693Z&amp;apos;
System info: host: &amp;apos;PERSONAL&amp;apos;, ip: &amp;apos;192.168.43.6&amp;apos;, os.name: &amp;apos;Windows 10&amp;apos;, os.arch: &amp;apos;amd64&amp;apos;, os.version: &amp;apos;10.0&amp;apos;, java.version: &amp;apos;10.0.2&amp;apos;
Driver info: driver.version: unknown
Command duration or timeout: 520 milliseconds">
      <![CDATA[org.openqa.selenium.SessionNotCreatedException: Unable to create new service: ChromeDriverService
Build info: version: '3.14.0', revision: 'aacccce0', time: '2018-08-02T20:13:22.693Z'
System info: host: 'PERSONAL', ip: '192.168.43.6', os.name: 'Windows 10', os.arch: 'amd64', os.version: '10.0', java.version: '10.0.2'
Driver info: driver.version: unknown
Command duration or timeout: 520 milliseconds
at org.openqa.selenium.remote.ErrorHandler.createThrowable(ErrorHandler.java:214)
at org.openqa.selenium.remote.ErrorHandler.throwIfResponseFailed(ErrorHandler.java:166)
at org.openqa.selenium.remote.JsonWireProtocolResponse.lambda$new$0(JsonWireProtocolResponse.java:53)
at org.openqa.selenium.remote.JsonWireProtocolResponse.lambda$getResponseFunction$2(JsonWireProtocolResponse.java:91)
at org.openqa.selenium.remote.ProtocolHandshake.lambda$createSession$0(ProtocolHandshake.java:123)
at java.base/java.util.stream.ReferencePipeline$3$1.accept(ReferencePipeline.java:195)
at java.base/java.util.Spliterators$ArraySpliterator.tryAdvance(Spliterators.java:958)
at java.base/java.util.stream.ReferencePipeline.forEachWithCancel(ReferencePipeline.java:127)
at java.base/java.util.stream.AbstractPipeline.copyIntoWithCancel(AbstractPipeline.java:502)
at java.base/java.util.stream.AbstractPipeline.copyInto(AbstractPipeline.java:488)
at java.base/java.util.stream.AbstractPipeline.wrapAndCopyInto(AbstractPipeline.java:474)
at java.base/java.util.stream.FindOps$FindOp.evaluateSequential(FindOps.java:152)
at java.base/java.util.stream.AbstractPipeline.evaluate(AbstractPipeline.java:234)
at java.base/java.util.stream.ReferencePipeline.findFirst(ReferencePipeline.java:476)
at org.openqa.selenium.remote.ProtocolHandshake.createSession(ProtocolHandshake.java:126)
at org.openqa.selenium.remote.ProtocolHandshake.createSession(ProtocolHandshake.java:73)
at org.openqa.selenium.remote.HttpCommandExecutor.execute(HttpCommandExecutor.java:138)
at org.openqa.selenium.remote.RemoteWebDriver.execute(RemoteWebDriver.java:601)
at org.openqa.selenium.remote.RemoteWebDriver.startSession(RemoteWebDriver.java:219)
at org.openqa.selenium.remote.RemoteWebDriver.<init>(RemoteWebDriver.java:142)
at org.openqa.selenium.remote.RemoteWebDriver.<init>(RemoteWebDriver.java:155)
at util.TestBase.setupTest(TestBase.java:38)
at java.base/java.util.concurrent.ThreadPoolExecutor.runWorker(ThreadPoolExecutor.java:1167)
at java.base/java.util.concurrent.ThreadPoolExecutor$Worker.run(ThreadPoolExecutor.java:641)
at java.base/java.lang.Thread.run(Thread.java:844)
Caused by: org.openqa.selenium.SessionNotCreatedException: Unable to create new service: ChromeDriverService
Build info: version: '3.14.0', revision: 'aacccce0', time: '2018-08-02T20:13:22.693Z'
System info: host: 'PERSONAL', ip: '192.168.43.6', os.name: 'Windows 10', os.arch: 'amd64', os.version: '10.0', java.version: '10.0.2'
Driver info: driver.version: unknown
Build info: version: '3.9.1', revision: '63f7b50', time: '2018-02-07T22:25:02.294Z'
System info: host: 'PERSONAL', ip: '192.168.43.6', os.name: 'Windows 10', os.arch: 'amd64', os.version: '10.0', java.version: '9.0.4'
Driver info: driver.version: unknown
at org.openqa.selenium.remote.server.ServicedSession$Factory.lambda$get$0(ServicedSession.java:134)
at org.openqa.selenium.remote.server.ServicedSession$Factory.apply(ServicedSession.java:151)
at org.openqa.selenium.remote.server.ActiveSessionFactory.lambda$apply$12(ActiveSessionFactory.java:177)
at java.util.stream.ReferencePipeline$3$1.accept(Unknown Source)
at java.util.stream.ReferencePipeline$11$1.accept(Unknown Source)
at java.util.stream.ReferencePipeline$2$1.accept(Unknown Source)
at java.util.Spliterators$ArraySpliterator.tryAdvance(Unknown Source)
at java.util.stream.ReferencePipeline.forEachWithCancel(Unknown Source)
at java.util.stream.AbstractPipeline.copyIntoWithCancel(Unknown Source)
at java.util.stream.AbstractPipeline.copyInto(Unknown Source)
at java.util.stream.AbstractPipeline.wrapAndCopyInto(Unknown Source)
at java.util.stream.FindOps$FindOp.evaluateSequential(Unknown Source)
at java.util.stream.AbstractPipeline.evaluate(Unknown Source)
at java.util.stream.ReferencePipeline.findFirst(Unknown Source)
at org.openqa.selenium.remote.server.ActiveSessionFactory.apply(ActiveSessionFactory.java:180)
at org.openqa.selenium.remote.server.NewSessionPipeline.lambda$null$2(NewSessionPipeline.java:65)
at java.util.stream.ReferencePipeline$3$1.accept(Unknown Source)
at java.util.stream.ReferencePipeline$2$1.accept(Unknown Source)
at java.util.Collections$2.tryAdvance(Unknown Source)
at java.util.stream.ReferencePipeline.forEachWithCancel(Unknown Source)
at java.util.stream.AbstractPipeline.copyIntoWithCancel(Unknown Source)
at java.util.stream.AbstractPipeline.copyInto(Unknown Source)
at java.util.stream.AbstractPipeline.wrapAndCopyInto(Unknown Source)
at java.util.stream.FindOps$FindOp.evaluateSequential(Unknown Source)
at java.util.stream.AbstractPipeline.evaluate(Unknown Source)
at java.util.stream.ReferencePipeline.findFirst(Unknown Source)
at org.openqa.selenium.remote.server.NewSessionPipeline.lambda$createNewSession$3(NewSessionPipeline.java:68)
at java.util.stream.ReferencePipeline$3$1.accept(Unknown Source)
at java.util.stream.ReferencePipeline$3$1.accept(Unknown Source)
at java.util.stream.ReferencePipeline$3$1.accept(Unknown Source)
at java.util.stream.DistinctOps$1$2.accept(Unknown Source)
at java.util.stream.ReferencePipeline$2$1.accept(Unknown Source)
at java.util.stream.ReferencePipeline$3$1.accept(Unknown Source)
at java.util.stream.ReferencePipeline$2$1.accept(Unknown Source)
at java.util.stream.Streams$StreamBuilderImpl.tryAdvance(Unknown Source)
at java.util.stream.Streams$ConcatSpliterator.tryAdvance(Unknown Source)
at java.util.stream.ReferencePipeline.forEachWithCancel(Unknown Source)
at java.util.stream.AbstractPipeline.copyIntoWithCancel(Unknown Source)
at java.util.stream.AbstractPipeline.copyInto(Unknown Source)
at java.util.stream.AbstractPipeline.wrapAndCopyInto(Unknown Source)
at java.util.stream.FindOps$FindOp.evaluateSequential(Unknown Source)
at java.util.stream.AbstractPipeline.evaluate(Unknown Source)
at java.util.stream.ReferencePipeline.findFirst(Unknown Source)
at org.openqa.selenium.remote.server.NewSessionPipeline.createNewSession(NewSessionPipeline.java:71)
at org.openqa.selenium.remote.server.commandhandler.BeginSession.execute(BeginSession.java:65)
at org.openqa.selenium.remote.server.WebDriverServlet.lambda$handle$3(WebDriverServlet.java:250)
at java.util.concurrent.Executors$RunnableAdapter.call(Unknown Source)
at java.util.concurrent.FutureTask.run(Unknown Source)
at java.util.concurrent.ThreadPoolExecutor.runWorker(Unknown Source)
at java.util.concurrent.ThreadPoolExecutor$Worker.run(Unknown Source)
at java.lang.Thread.run(Unknown Source)
... Removed 17 stack frames]]>
    </failure>
  </testcase> <!-- @BeforeMethod setupTest -->
  <testcase classname="util.TestBase" name="@BeforeMethod setupTest" time="1.254">
    <failure type="org.openqa.selenium.SessionNotCreatedException" message="Unable to create new service: GeckoDriverService
Build info: version: &amp;apos;3.14.0&amp;apos;, revision: &amp;apos;aacccce0&amp;apos;, time: &amp;apos;2018-08-02T20:13:22.693Z&amp;apos;
System info: host: &amp;apos;PERSONAL&amp;apos;, ip: &amp;apos;192.168.43.6&amp;apos;, os.name: &amp;apos;Windows 10&amp;apos;, os.arch: &amp;apos;amd64&amp;apos;, os.version: &amp;apos;10.0&amp;apos;, java.version: &amp;apos;10.0.2&amp;apos;
Driver info: driver.version: unknown
Command duration or timeout: 516 milliseconds">
      <![CDATA[org.openqa.selenium.SessionNotCreatedException: Unable to create new service: GeckoDriverService
Build info: version: '3.14.0', revision: 'aacccce0', time: '2018-08-02T20:13:22.693Z'
System info: host: 'PERSONAL', ip: '192.168.43.6', os.name: 'Windows 10', os.arch: 'amd64', os.version: '10.0', java.version: '10.0.2'
Driver info: driver.version: unknown
Command duration or timeout: 516 milliseconds
at org.openqa.selenium.remote.ErrorHandler.createThrowable(ErrorHandler.java:214)
at org.openqa.selenium.remote.ErrorHandler.throwIfResponseFailed(ErrorHandler.java:166)
at org.openqa.selenium.remote.JsonWireProtocolResponse.lambda$new$0(JsonWireProtocolResponse.java:53)
at org.openqa.selenium.remote.JsonWireProtocolResponse.lambda$getResponseFunction$2(JsonWireProtocolResponse.java:91)
at org.openqa.selenium.remote.ProtocolHandshake.lambda$createSession$0(ProtocolHandshake.java:123)
at java.base/java.util.stream.ReferencePipeline$3$1.accept(ReferencePipeline.java:195)
at java.base/java.util.Spliterators$ArraySpliterator.tryAdvance(Spliterators.java:958)
at java.base/java.util.stream.ReferencePipeline.forEachWithCancel(ReferencePipeline.java:127)
at java.base/java.util.stream.AbstractPipeline.copyIntoWithCancel(AbstractPipeline.java:502)
at java.base/java.util.stream.AbstractPipeline.copyInto(AbstractPipeline.java:488)
at java.base/java.util.stream.AbstractPipeline.wrapAndCopyInto(AbstractPipeline.java:474)
at java.base/java.util.stream.FindOps$FindOp.evaluateSequential(FindOps.java:152)
at java.base/java.util.stream.AbstractPipeline.evaluate(AbstractPipeline.java:234)
at java.base/java.util.stream.ReferencePipeline.findFirst(ReferencePipeline.java:476)
at org.openqa.selenium.remote.ProtocolHandshake.createSession(ProtocolHandshake.java:126)
at org.openqa.selenium.remote.ProtocolHandshake.createSession(ProtocolHandshake.java:73)
at org.openqa.selenium.remote.HttpCommandExecutor.execute(HttpCommandExecutor.java:138)
at org.openqa.selenium.remote.RemoteWebDriver.execute(RemoteWebDriver.java:601)
at org.openqa.selenium.remote.RemoteWebDriver.startSession(RemoteWebDriver.java:219)
at org.openqa.selenium.remote.RemoteWebDriver.<init>(RemoteWebDriver.java:142)
at org.openqa.selenium.remote.RemoteWebDriver.<init>(RemoteWebDriver.java:155)
at util.TestBase.setupTest(TestBase.java:38)
at java.base/java.util.concurrent.ThreadPoolExecutor.runWorker(ThreadPoolExecutor.java:1167)
at java.base/java.util.concurrent.ThreadPoolExecutor$Worker.run(ThreadPoolExecutor.java:641)
at java.base/java.lang.Thread.run(Thread.java:844)
Caused by: org.openqa.selenium.SessionNotCreatedException: Unable to create new service: GeckoDriverService
Build info: version: '3.14.0', revision: 'aacccce0', time: '2018-08-02T20:13:22.693Z'
System info: host: 'PERSONAL', ip: '192.168.43.6', os.name: 'Windows 10', os.arch: 'amd64', os.version: '10.0', java.version: '10.0.2'
Driver info: driver.version: unknown
Build info: version: '3.9.1', revision: '63f7b50', time: '2018-02-07T22:25:02.294Z'
System info: host: 'PERSONAL', ip: '192.168.43.6', os.name: 'Windows 10', os.arch: 'amd64', os.version: '10.0', java.version: '9.0.4'
Driver info: driver.version: unknown
at org.openqa.selenium.remote.server.ServicedSession$Factory.lambda$get$0(ServicedSession.java:134)
at org.openqa.selenium.remote.server.ServicedSession$Factory.apply(ServicedSession.java:151)
at org.openqa.selenium.remote.server.ActiveSessionFactory.lambda$apply$12(ActiveSessionFactory.java:177)
at java.util.stream.ReferencePipeline$3$1.accept(Unknown Source)
at java.util.stream.ReferencePipeline$11$1.accept(Unknown Source)
at java.util.stream.ReferencePipeline$2$1.accept(Unknown Source)
at java.util.Spliterators$ArraySpliterator.tryAdvance(Unknown Source)
at java.util.stream.ReferencePipeline.forEachWithCancel(Unknown Source)
at java.util.stream.AbstractPipeline.copyIntoWithCancel(Unknown Source)
at java.util.stream.AbstractPipeline.copyInto(Unknown Source)
at java.util.stream.AbstractPipeline.wrapAndCopyInto(Unknown Source)
at java.util.stream.FindOps$FindOp.evaluateSequential(Unknown Source)
at java.util.stream.AbstractPipeline.evaluate(Unknown Source)
at java.util.stream.ReferencePipeline.findFirst(Unknown Source)
at org.openqa.selenium.remote.server.ActiveSessionFactory.apply(ActiveSessionFactory.java:180)
at org.openqa.selenium.remote.server.NewSessionPipeline.lambda$null$2(NewSessionPipeline.java:65)
at java.util.stream.ReferencePipeline$3$1.accept(Unknown Source)
at java.util.stream.ReferencePipeline$2$1.accept(Unknown Source)
at java.util.Collections$2.tryAdvance(Unknown Source)
at java.util.stream.ReferencePipeline.forEachWithCancel(Unknown Source)
at java.util.stream.AbstractPipeline.copyIntoWithCancel(Unknown Source)
at java.util.stream.AbstractPipeline.copyInto(Unknown Source)
at java.util.stream.AbstractPipeline.wrapAndCopyInto(Unknown Source)
at java.util.stream.FindOps$FindOp.evaluateSequential(Unknown Source)
at java.util.stream.AbstractPipeline.evaluate(Unknown Source)
at java.util.stream.ReferencePipeline.findFirst(Unknown Source)
at org.openqa.selenium.remote.server.NewSessionPipeline.lambda$createNewSession$3(NewSessionPipeline.java:68)
at java.util.stream.ReferencePipeline$3$1.accept(Unknown Source)
at java.util.stream.ReferencePipeline$3$1.accept(Unknown Source)
at java.util.stream.ReferencePipeline$3$1.accept(Unknown Source)
at java.util.stream.DistinctOps$1$2.accept(Unknown Source)
at java.util.stream.ReferencePipeline$2$1.accept(Unknown Source)
at java.util.stream.ReferencePipeline$3$1.accept(Unknown Source)
at java.util.stream.ReferencePipeline$2$1.accept(Unknown Source)
at java.util.stream.Streams$StreamBuilderImpl.tryAdvance(Unknown Source)
at java.util.stream.Streams$ConcatSpliterator.tryAdvance(Unknown Source)
at java.util.stream.ReferencePipeline.forEachWithCancel(Unknown Source)
at java.util.stream.AbstractPipeline.copyIntoWithCancel(Unknown Source)
at java.util.stream.AbstractPipeline.copyInto(Unknown Source)
at java.util.stream.AbstractPipeline.wrapAndCopyInto(Unknown Source)
at java.util.stream.FindOps$FindOp.evaluateSequential(Unknown Source)
at java.util.stream.AbstractPipeline.evaluate(Unknown Source)
at java.util.stream.ReferencePipeline.findFirst(Unknown Source)
at org.openqa.selenium.remote.server.NewSessionPipeline.createNewSession(NewSessionPipeline.java:71)
at org.openqa.selenium.remote.server.commandhandler.BeginSession.execute(BeginSession.java:65)
at org.openqa.selenium.remote.server.WebDriverServlet.lambda$handle$3(WebDriverServlet.java:250)
at java.util.concurrent.Executors$RunnableAdapter.call(Unknown Source)
at java.util.concurrent.FutureTask.run(Unknown Source)
at java.util.concurrent.ThreadPoolExecutor.runWorker(Unknown Source)
at java.util.concurrent.ThreadPoolExecutor$Worker.run(Unknown Source)
at java.lang.Thread.run(Unknown Source)
... Removed 17 stack frames]]>
    </failure>
  </testcase> <!-- @BeforeMethod setupTest -->
  <testcase classname="util.TestBase" name="@BeforeMethod setupTest" time="1.254">
    <failure type="org.openqa.selenium.SessionNotCreatedException" message="Unable to create new service: ChromeDriverService
Build info: version: &amp;apos;3.14.0&amp;apos;, revision: &amp;apos;aacccce0&amp;apos;, time: &amp;apos;2018-08-02T20:13:22.693Z&amp;apos;
System info: host: &amp;apos;PERSONAL&amp;apos;, ip: &amp;apos;192.168.43.6&amp;apos;, os.name: &amp;apos;Windows 10&amp;apos;, os.arch: &amp;apos;amd64&amp;apos;, os.version: &amp;apos;10.0&amp;apos;, java.version: &amp;apos;10.0.2&amp;apos;
Driver info: driver.version: unknown
Command duration or timeout: 516 milliseconds">
      <![CDATA[org.openqa.selenium.SessionNotCreatedException: Unable to create new service: ChromeDriverService
Build info: version: '3.14.0', revision: 'aacccce0', time: '2018-08-02T20:13:22.693Z'
System info: host: 'PERSONAL', ip: '192.168.43.6', os.name: 'Windows 10', os.arch: 'amd64', os.version: '10.0', java.version: '10.0.2'
Driver info: driver.version: unknown
Command duration or timeout: 516 milliseconds
at org.openqa.selenium.remote.ErrorHandler.createThrowable(ErrorHandler.java:214)
at org.openqa.selenium.remote.ErrorHandler.throwIfResponseFailed(ErrorHandler.java:166)
at org.openqa.selenium.remote.JsonWireProtocolResponse.lambda$new$0(JsonWireProtocolResponse.java:53)
at org.openqa.selenium.remote.JsonWireProtocolResponse.lambda$getResponseFunction$2(JsonWireProtocolResponse.java:91)
at org.openqa.selenium.remote.ProtocolHandshake.lambda$createSession$0(ProtocolHandshake.java:123)
at java.base/java.util.stream.ReferencePipeline$3$1.accept(ReferencePipeline.java:195)
at java.base/java.util.Spliterators$ArraySpliterator.tryAdvance(Spliterators.java:958)
at java.base/java.util.stream.ReferencePipeline.forEachWithCancel(ReferencePipeline.java:127)
at java.base/java.util.stream.AbstractPipeline.copyIntoWithCancel(AbstractPipeline.java:502)
at java.base/java.util.stream.AbstractPipeline.copyInto(AbstractPipeline.java:488)
at java.base/java.util.stream.AbstractPipeline.wrapAndCopyInto(AbstractPipeline.java:474)
at java.base/java.util.stream.FindOps$FindOp.evaluateSequential(FindOps.java:152)
at java.base/java.util.stream.AbstractPipeline.evaluate(AbstractPipeline.java:234)
at java.base/java.util.stream.ReferencePipeline.findFirst(ReferencePipeline.java:476)
at org.openqa.selenium.remote.ProtocolHandshake.createSession(ProtocolHandshake.java:126)
at org.openqa.selenium.remote.ProtocolHandshake.createSession(ProtocolHandshake.java:73)
at org.openqa.selenium.remote.HttpCommandExecutor.execute(HttpCommandExecutor.java:138)
at org.openqa.selenium.remote.RemoteWebDriver.execute(RemoteWebDriver.java:601)
at org.openqa.selenium.remote.RemoteWebDriver.startSession(RemoteWebDriver.java:219)
at org.openqa.selenium.remote.RemoteWebDriver.<init>(RemoteWebDriver.java:142)
at org.openqa.selenium.remote.RemoteWebDriver.<init>(RemoteWebDriver.java:155)
at util.TestBase.setupTest(TestBase.java:38)
at java.base/java.util.concurrent.ThreadPoolExecutor.runWorker(ThreadPoolExecutor.java:1167)
at java.base/java.util.concurrent.ThreadPoolExecutor$Worker.run(ThreadPoolExecutor.java:641)
at java.base/java.lang.Thread.run(Thread.java:844)
Caused by: org.openqa.selenium.SessionNotCreatedException: Unable to create new service: ChromeDriverService
Build info: version: '3.14.0', revision: 'aacccce0', time: '2018-08-02T20:13:22.693Z'
System info: host: 'PERSONAL', ip: '192.168.43.6', os.name: 'Windows 10', os.arch: 'amd64', os.version: '10.0', java.version: '10.0.2'
Driver info: driver.version: unknown
Build info: version: '3.9.1', revision: '63f7b50', time: '2018-02-07T22:25:02.294Z'
System info: host: 'PERSONAL', ip: '192.168.43.6', os.name: 'Windows 10', os.arch: 'amd64', os.version: '10.0', java.version: '9.0.4'
Driver info: driver.version: unknown
at org.openqa.selenium.remote.server.ServicedSession$Factory.lambda$get$0(ServicedSession.java:134)
at org.openqa.selenium.remote.server.ServicedSession$Factory.apply(ServicedSession.java:151)
at org.openqa.selenium.remote.server.ActiveSessionFactory.lambda$apply$12(ActiveSessionFactory.java:177)
at java.util.stream.ReferencePipeline$3$1.accept(Unknown Source)
at java.util.stream.ReferencePipeline$11$1.accept(Unknown Source)
at java.util.stream.ReferencePipeline$2$1.accept(Unknown Source)
at java.util.Spliterators$ArraySpliterator.tryAdvance(Unknown Source)
at java.util.stream.ReferencePipeline.forEachWithCancel(Unknown Source)
at java.util.stream.AbstractPipeline.copyIntoWithCancel(Unknown Source)
at java.util.stream.AbstractPipeline.copyInto(Unknown Source)
at java.util.stream.AbstractPipeline.wrapAndCopyInto(Unknown Source)
at java.util.stream.FindOps$FindOp.evaluateSequential(Unknown Source)
at java.util.stream.AbstractPipeline.evaluate(Unknown Source)
at java.util.stream.ReferencePipeline.findFirst(Unknown Source)
at org.openqa.selenium.remote.server.ActiveSessionFactory.apply(ActiveSessionFactory.java:180)
at org.openqa.selenium.remote.server.NewSessionPipeline.lambda$null$2(NewSessionPipeline.java:65)
at java.util.stream.ReferencePipeline$3$1.accept(Unknown Source)
at java.util.stream.ReferencePipeline$2$1.accept(Unknown Source)
at java.util.Collections$2.tryAdvance(Unknown Source)
at java.util.stream.ReferencePipeline.forEachWithCancel(Unknown Source)
at java.util.stream.AbstractPipeline.copyIntoWithCancel(Unknown Source)
at java.util.stream.AbstractPipeline.copyInto(Unknown Source)
at java.util.stream.AbstractPipeline.wrapAndCopyInto(Unknown Source)
at java.util.stream.FindOps$FindOp.evaluateSequential(Unknown Source)
at java.util.stream.AbstractPipeline.evaluate(Unknown Source)
at java.util.stream.ReferencePipeline.findFirst(Unknown Source)
at org.openqa.selenium.remote.server.NewSessionPipeline.lambda$createNewSession$3(NewSessionPipeline.java:68)
at java.util.stream.ReferencePipeline$3$1.accept(Unknown Source)
at java.util.stream.ReferencePipeline$3$1.accept(Unknown Source)
at java.util.stream.ReferencePipeline$3$1.accept(Unknown Source)
at java.util.stream.DistinctOps$1$2.accept(Unknown Source)
at java.util.stream.ReferencePipeline$2$1.accept(Unknown Source)
at java.util.stream.ReferencePipeline$3$1.accept(Unknown Source)
at java.util.stream.ReferencePipeline$2$1.accept(Unknown Source)
at java.util.stream.Streams$StreamBuilderImpl.tryAdvance(Unknown Source)
at java.util.stream.Streams$ConcatSpliterator.tryAdvance(Unknown Source)
at java.util.stream.ReferencePipeline.forEachWithCancel(Unknown Source)
at java.util.stream.AbstractPipeline.copyIntoWithCancel(Unknown Source)
at java.util.stream.AbstractPipeline.copyInto(Unknown Source)
at java.util.stream.AbstractPipeline.wrapAndCopyInto(Unknown Source)
at java.util.stream.FindOps$FindOp.evaluateSequential(Unknown Source)
at java.util.stream.AbstractPipeline.evaluate(Unknown Source)
at java.util.stream.ReferencePipeline.findFirst(Unknown Source)
at org.openqa.selenium.remote.server.NewSessionPipeline.createNewSession(NewSessionPipeline.java:71)
at org.openqa.selenium.remote.server.commandhandler.BeginSession.execute(BeginSession.java:65)
at org.openqa.selenium.remote.server.WebDriverServlet.lambda$handle$3(WebDriverServlet.java:250)
at java.util.concurrent.Executors$RunnableAdapter.call(Unknown Source)
at java.util.concurrent.FutureTask.run(Unknown Source)
at java.util.concurrent.ThreadPoolExecutor.runWorker(Unknown Source)
at java.util.concurrent.ThreadPoolExecutor$Worker.run(Unknown Source)
at java.lang.Thread.run(Unknown Source)
... Removed 17 stack frames]]>
    </failure>
  </testcase> <!-- @BeforeMethod setupTest -->
  <testcase classname="util.TestBase" name="@BeforeMethod setupTest" time="1.254">
    <failure type="org.openqa.selenium.SessionNotCreatedException" message="Unable to create new service: GeckoDriverService
Build info: version: &amp;apos;3.14.0&amp;apos;, revision: &amp;apos;aacccce0&amp;apos;, time: &amp;apos;2018-08-02T20:13:22.693Z&amp;apos;
System info: host: &amp;apos;PERSONAL&amp;apos;, ip: &amp;apos;192.168.43.6&amp;apos;, os.name: &amp;apos;Windows 10&amp;apos;, os.arch: &amp;apos;amd64&amp;apos;, os.version: &amp;apos;10.0&amp;apos;, java.version: &amp;apos;10.0.2&amp;apos;
Driver info: driver.version: unknown
Command duration or timeout: 516 milliseconds">
      <![CDATA[org.openqa.selenium.SessionNotCreatedException: Unable to create new service: GeckoDriverService
Build info: version: '3.14.0', revision: 'aacccce0', time: '2018-08-02T20:13:22.693Z'
System info: host: 'PERSONAL', ip: '192.168.43.6', os.name: 'Windows 10', os.arch: 'amd64', os.version: '10.0', java.version: '10.0.2'
Driver info: driver.version: unknown
Command duration or timeout: 516 milliseconds
at org.openqa.selenium.remote.ErrorHandler.createThrowable(ErrorHandler.java:214)
at org.openqa.selenium.remote.ErrorHandler.throwIfResponseFailed(ErrorHandler.java:166)
at org.openqa.selenium.remote.JsonWireProtocolResponse.lambda$new$0(JsonWireProtocolResponse.java:53)
at org.openqa.selenium.remote.JsonWireProtocolResponse.lambda$getResponseFunction$2(JsonWireProtocolResponse.java:91)
at org.openqa.selenium.remote.ProtocolHandshake.lambda$createSession$0(ProtocolHandshake.java:123)
at java.base/java.util.stream.ReferencePipeline$3$1.accept(ReferencePipeline.java:195)
at java.base/java.util.Spliterators$ArraySpliterator.tryAdvance(Spliterators.java:958)
at java.base/java.util.stream.ReferencePipeline.forEachWithCancel(ReferencePipeline.java:127)
at java.base/java.util.stream.AbstractPipeline.copyIntoWithCancel(AbstractPipeline.java:502)
at java.base/java.util.stream.AbstractPipeline.copyInto(AbstractPipeline.java:488)
at java.base/java.util.stream.AbstractPipeline.wrapAndCopyInto(AbstractPipeline.java:474)
at java.base/java.util.stream.FindOps$FindOp.evaluateSequential(FindOps.java:152)
at java.base/java.util.stream.AbstractPipeline.evaluate(AbstractPipeline.java:234)
at java.base/java.util.stream.ReferencePipeline.findFirst(ReferencePipeline.java:476)
at org.openqa.selenium.remote.ProtocolHandshake.createSession(ProtocolHandshake.java:126)
at org.openqa.selenium.remote.ProtocolHandshake.createSession(ProtocolHandshake.java:73)
at org.openqa.selenium.remote.HttpCommandExecutor.execute(HttpCommandExecutor.java:138)
at org.openqa.selenium.remote.RemoteWebDriver.execute(RemoteWebDriver.java:601)
at org.openqa.selenium.remote.RemoteWebDriver.startSession(RemoteWebDriver.java:219)
at org.openqa.selenium.remote.RemoteWebDriver.<init>(RemoteWebDriver.java:142)
at org.openqa.selenium.remote.RemoteWebDriver.<init>(RemoteWebDriver.java:155)
at util.TestBase.setupTest(TestBase.java:38)
at java.base/java.util.concurrent.ThreadPoolExecutor.runWorker(ThreadPoolExecutor.java:1167)
at java.base/java.util.concurrent.ThreadPoolExecutor$Worker.run(ThreadPoolExecutor.java:641)
at java.base/java.lang.Thread.run(Thread.java:844)
Caused by: org.openqa.selenium.SessionNotCreatedException: Unable to create new service: GeckoDriverService
Build info: version: '3.14.0', revision: 'aacccce0', time: '2018-08-02T20:13:22.693Z'
System info: host: 'PERSONAL', ip: '192.168.43.6', os.name: 'Windows 10', os.arch: 'amd64', os.version: '10.0', java.version: '10.0.2'
Driver info: driver.version: unknown
Build info: version: '3.9.1', revision: '63f7b50', time: '2018-02-07T22:25:02.294Z'
System info: host: 'PERSONAL', ip: '192.168.43.6', os.name: 'Windows 10', os.arch: 'amd64', os.version: '10.0', java.version: '9.0.4'
Driver info: driver.version: unknown
at org.openqa.selenium.remote.server.ServicedSession$Factory.lambda$get$0(ServicedSession.java:134)
at org.openqa.selenium.remote.server.ServicedSession$Factory.apply(ServicedSession.java:151)
at org.openqa.selenium.remote.server.ActiveSessionFactory.lambda$apply$12(ActiveSessionFactory.java:177)
at java.util.stream.ReferencePipeline$3$1.accept(Unknown Source)
at java.util.stream.ReferencePipeline$11$1.accept(Unknown Source)
at java.util.stream.ReferencePipeline$2$1.accept(Unknown Source)
at java.util.Spliterators$ArraySpliterator.tryAdvance(Unknown Source)
at java.util.stream.ReferencePipeline.forEachWithCancel(Unknown Source)
at java.util.stream.AbstractPipeline.copyIntoWithCancel(Unknown Source)
at java.util.stream.AbstractPipeline.copyInto(Unknown Source)
at java.util.stream.AbstractPipeline.wrapAndCopyInto(Unknown Source)
at java.util.stream.FindOps$FindOp.evaluateSequential(Unknown Source)
at java.util.stream.AbstractPipeline.evaluate(Unknown Source)
at java.util.stream.ReferencePipeline.findFirst(Unknown Source)
at org.openqa.selenium.remote.server.ActiveSessionFactory.apply(ActiveSessionFactory.java:180)
at org.openqa.selenium.remote.server.NewSessionPipeline.lambda$null$2(NewSessionPipeline.java:65)
at java.util.stream.ReferencePipeline$3$1.accept(Unknown Source)
at java.util.stream.ReferencePipeline$2$1.accept(Unknown Source)
at java.util.Collections$2.tryAdvance(Unknown Source)
at java.util.stream.ReferencePipeline.forEachWithCancel(Unknown Source)
at java.util.stream.AbstractPipeline.copyIntoWithCancel(Unknown Source)
at java.util.stream.AbstractPipeline.copyInto(Unknown Source)
at java.util.stream.AbstractPipeline.wrapAndCopyInto(Unknown Source)
at java.util.stream.FindOps$FindOp.evaluateSequential(Unknown Source)
at java.util.stream.AbstractPipeline.evaluate(Unknown Source)
at java.util.stream.ReferencePipeline.findFirst(Unknown Source)
at org.openqa.selenium.remote.server.NewSessionPipeline.lambda$createNewSession$3(NewSessionPipeline.java:68)
at java.util.stream.ReferencePipeline$3$1.accept(Unknown Source)
at java.util.stream.ReferencePipeline$3$1.accept(Unknown Source)
at java.util.stream.ReferencePipeline$3$1.accept(Unknown Source)
at java.util.stream.DistinctOps$1$2.accept(Unknown Source)
at java.util.stream.ReferencePipeline$2$1.accept(Unknown Source)
at java.util.stream.ReferencePipeline$3$1.accept(Unknown Source)
at java.util.stream.ReferencePipeline$2$1.accept(Unknown Source)
at java.util.stream.Streams$StreamBuilderImpl.tryAdvance(Unknown Source)
at java.util.stream.Streams$ConcatSpliterator.tryAdvance(Unknown Source)
at java.util.stream.ReferencePipeline.forEachWithCancel(Unknown Source)
at java.util.stream.AbstractPipeline.copyIntoWithCancel(Unknown Source)
at java.util.stream.AbstractPipeline.copyInto(Unknown Source)
at java.util.stream.AbstractPipeline.wrapAndCopyInto(Unknown Source)
at java.util.stream.FindOps$FindOp.evaluateSequential(Unknown Source)
at java.util.stream.AbstractPipeline.evaluate(Unknown Source)
at java.util.stream.ReferencePipeline.findFirst(Unknown Source)
at org.openqa.selenium.remote.server.NewSessionPipeline.createNewSession(NewSessionPipeline.java:71)
at org.openqa.selenium.remote.server.commandhandler.BeginSession.execute(BeginSession.java:65)
at org.openqa.selenium.remote.server.WebDriverServlet.lambda$handle$3(WebDriverServlet.java:250)
at java.util.concurrent.Executors$RunnableAdapter.call(Unknown Source)
at java.util.concurrent.FutureTask.run(Unknown Source)
at java.util.concurrent.ThreadPoolExecutor.runWorker(Unknown Source)
at java.util.concurrent.ThreadPoolExecutor$Worker.run(Unknown Source)
at java.lang.Thread.run(Unknown Source)
... Removed 17 stack frames]]>
    </failure>
  </testcase> <!-- @BeforeMethod setupTest -->
  <testcase classname="util.TestBase" name="@BeforeMethod setupTest" time="1.254">
    <failure type="org.openqa.selenium.SessionNotCreatedException" message="Unable to create new service: ChromeDriverService
Build info: version: &amp;apos;3.14.0&amp;apos;, revision: &amp;apos;aacccce0&amp;apos;, time: &amp;apos;2018-08-02T20:13:22.693Z&amp;apos;
System info: host: &amp;apos;PERSONAL&amp;apos;, ip: &amp;apos;192.168.43.6&amp;apos;, os.name: &amp;apos;Windows 10&amp;apos;, os.arch: &amp;apos;amd64&amp;apos;, os.version: &amp;apos;10.0&amp;apos;, java.version: &amp;apos;10.0.2&amp;apos;
Driver info: driver.version: unknown
Command duration or timeout: 516 milliseconds">
      <![CDATA[org.openqa.selenium.SessionNotCreatedException: Unable to create new service: ChromeDriverService
Build info: version: '3.14.0', revision: 'aacccce0', time: '2018-08-02T20:13:22.693Z'
System info: host: 'PERSONAL', ip: '192.168.43.6', os.name: 'Windows 10', os.arch: 'amd64', os.version: '10.0', java.version: '10.0.2'
Driver info: driver.version: unknown
Command duration or timeout: 516 milliseconds
at org.openqa.selenium.remote.ErrorHandler.createThrowable(ErrorHandler.java:214)
at org.openqa.selenium.remote.ErrorHandler.throwIfResponseFailed(ErrorHandler.java:166)
at org.openqa.selenium.remote.JsonWireProtocolResponse.lambda$new$0(JsonWireProtocolResponse.java:53)
at org.openqa.selenium.remote.JsonWireProtocolResponse.lambda$getResponseFunction$2(JsonWireProtocolResponse.java:91)
at org.openqa.selenium.remote.ProtocolHandshake.lambda$createSession$0(ProtocolHandshake.java:123)
at java.base/java.util.stream.ReferencePipeline$3$1.accept(ReferencePipeline.java:195)
at java.base/java.util.Spliterators$ArraySpliterator.tryAdvance(Spliterators.java:958)
at java.base/java.util.stream.ReferencePipeline.forEachWithCancel(ReferencePipeline.java:127)
at java.base/java.util.stream.AbstractPipeline.copyIntoWithCancel(AbstractPipeline.java:502)
at java.base/java.util.stream.AbstractPipeline.copyInto(AbstractPipeline.java:488)
at java.base/java.util.stream.AbstractPipeline.wrapAndCopyInto(AbstractPipeline.java:474)
at java.base/java.util.stream.FindOps$FindOp.evaluateSequential(FindOps.java:152)
at java.base/java.util.stream.AbstractPipeline.evaluate(AbstractPipeline.java:234)
at java.base/java.util.stream.ReferencePipeline.findFirst(ReferencePipeline.java:476)
at org.openqa.selenium.remote.ProtocolHandshake.createSession(ProtocolHandshake.java:126)
at org.openqa.selenium.remote.ProtocolHandshake.createSession(ProtocolHandshake.java:73)
at org.openqa.selenium.remote.HttpCommandExecutor.execute(HttpCommandExecutor.java:138)
at org.openqa.selenium.remote.RemoteWebDriver.execute(RemoteWebDriver.java:601)
at org.openqa.selenium.remote.RemoteWebDriver.startSession(RemoteWebDriver.java:219)
at org.openqa.selenium.remote.RemoteWebDriver.<init>(RemoteWebDriver.java:142)
at org.openqa.selenium.remote.RemoteWebDriver.<init>(RemoteWebDriver.java:155)
at util.TestBase.setupTest(TestBase.java:38)
at java.base/java.util.concurrent.ThreadPoolExecutor.runWorker(ThreadPoolExecutor.java:1167)
at java.base/java.util.concurrent.ThreadPoolExecutor$Worker.run(ThreadPoolExecutor.java:641)
at java.base/java.lang.Thread.run(Thread.java:844)
Caused by: org.openqa.selenium.SessionNotCreatedException: Unable to create new service: ChromeDriverService
Build info: version: '3.14.0', revision: 'aacccce0', time: '2018-08-02T20:13:22.693Z'
System info: host: 'PERSONAL', ip: '192.168.43.6', os.name: 'Windows 10', os.arch: 'amd64', os.version: '10.0', java.version: '10.0.2'
Driver info: driver.version: unknown
Build info: version: '3.9.1', revision: '63f7b50', time: '2018-02-07T22:25:02.294Z'
System info: host: 'PERSONAL', ip: '192.168.43.6', os.name: 'Windows 10', os.arch: 'amd64', os.version: '10.0', java.version: '9.0.4'
Driver info: driver.version: unknown
at org.openqa.selenium.remote.server.ServicedSession$Factory.lambda$get$0(ServicedSession.java:134)
at org.openqa.selenium.remote.server.ServicedSession$Factory.apply(ServicedSession.java:151)
at org.openqa.selenium.remote.server.ActiveSessionFactory.lambda$apply$12(ActiveSessionFactory.java:177)
at java.util.stream.ReferencePipeline$3$1.accept(Unknown Source)
at java.util.stream.ReferencePipeline$11$1.accept(Unknown Source)
at java.util.stream.ReferencePipeline$2$1.accept(Unknown Source)
at java.util.Spliterators$ArraySpliterator.tryAdvance(Unknown Source)
at java.util.stream.ReferencePipeline.forEachWithCancel(Unknown Source)
at java.util.stream.AbstractPipeline.copyIntoWithCancel(Unknown Source)
at java.util.stream.AbstractPipeline.copyInto(Unknown Source)
at java.util.stream.AbstractPipeline.wrapAndCopyInto(Unknown Source)
at java.util.stream.FindOps$FindOp.evaluateSequential(Unknown Source)
at java.util.stream.AbstractPipeline.evaluate(Unknown Source)
at java.util.stream.ReferencePipeline.findFirst(Unknown Source)
at org.openqa.selenium.remote.server.ActiveSessionFactory.apply(ActiveSessionFactory.java:180)
at org.openqa.selenium.remote.server.NewSessionPipeline.lambda$null$2(NewSessionPipeline.java:65)
at java.util.stream.ReferencePipeline$3$1.accept(Unknown Source)
at java.util.stream.ReferencePipeline$2$1.accept(Unknown Source)
at java.util.Collections$2.tryAdvance(Unknown Source)
at java.util.stream.ReferencePipeline.forEachWithCancel(Unknown Source)
at java.util.stream.AbstractPipeline.copyIntoWithCancel(Unknown Source)
at java.util.stream.AbstractPipeline.copyInto(Unknown Source)
at java.util.stream.AbstractPipeline.wrapAndCopyInto(Unknown Source)
at java.util.stream.FindOps$FindOp.evaluateSequential(Unknown Source)
at java.util.stream.AbstractPipeline.evaluate(Unknown Source)
at java.util.stream.ReferencePipeline.findFirst(Unknown Source)
at org.openqa.selenium.remote.server.NewSessionPipeline.lambda$createNewSession$3(NewSessionPipeline.java:68)
at java.util.stream.ReferencePipeline$3$1.accept(Unknown Source)
at java.util.stream.ReferencePipeline$3$1.accept(Unknown Source)
at java.util.stream.ReferencePipeline$3$1.accept(Unknown Source)
at java.util.stream.DistinctOps$1$2.accept(Unknown Source)
at java.util.stream.ReferencePipeline$2$1.accept(Unknown Source)
at java.util.stream.ReferencePipeline$3$1.accept(Unknown Source)
at java.util.stream.ReferencePipeline$2$1.accept(Unknown Source)
at java.util.stream.Streams$StreamBuilderImpl.tryAdvance(Unknown Source)
at java.util.stream.Streams$ConcatSpliterator.tryAdvance(Unknown Source)
at java.util.stream.ReferencePipeline.forEachWithCancel(Unknown Source)
at java.util.stream.AbstractPipeline.copyIntoWithCancel(Unknown Source)
at java.util.stream.AbstractPipeline.copyInto(Unknown Source)
at java.util.stream.AbstractPipeline.wrapAndCopyInto(Unknown Source)
at java.util.stream.FindOps$FindOp.evaluateSequential(Unknown Source)
at java.util.stream.AbstractPipeline.evaluate(Unknown Source)
at java.util.stream.ReferencePipeline.findFirst(Unknown Source)
at org.openqa.selenium.remote.server.NewSessionPipeline.createNewSession(NewSessionPipeline.java:71)
at org.openqa.selenium.remote.server.commandhandler.BeginSession.execute(BeginSession.java:65)
at org.openqa.selenium.remote.server.WebDriverServlet.lambda$handle$3(WebDriverServlet.java:250)
at java.util.concurrent.Executors$RunnableAdapter.call(Unknown Source)
at java.util.concurrent.FutureTask.run(Unknown Source)
at java.util.concurrent.ThreadPoolExecutor.runWorker(Unknown Source)
at java.util.concurrent.ThreadPoolExecutor$Worker.run(Unknown Source)
at java.lang.Thread.run(Unknown Source)
... Removed 17 stack frames]]>
    </failure>
  </testcase> <!-- @BeforeMethod setupTest -->
  <testcase classname="util.TestBase" name="@AfterMethod tearDown" time="0.0">
    <skipped/>
  </testcase> <!-- @AfterMethod tearDown -->
  <testcase classname="util.TestBase" name="@AfterMethod tearDown" time="0.0">
    <skipped/>
  </testcase> <!-- @AfterMethod tearDown -->
  <testcase classname="util.TestBase" name="@AfterMethod tearDown" time="0.0">
    <skipped/>
  </testcase> <!-- @AfterMethod tearDown -->
  <testcase classname="util.TestBase" name="@AfterMethod tearDown" time="0.0">
    <skipped/>
  </testcase> <!-- @AfterMethod tearDown -->
  <testcase classname="util.TestBase" name="@AfterMethod tearDown" time="0.0">
    <skipped/>
  </testcase> <!-- @AfterMethod tearDown -->
  <testcase classname="tests.FirstTest" name="GOOGLE1" time="0.0">
    <skipped/>
  </testcase> <!-- GOOGLE1 -->
  <testcase classname="tests.FirstTest" name="GOOGLE3" time="0.0">
    <skipped/>
  </testcase> <!-- GOOGLE3 -->
  <testcase classname="tests.FirstTest" name="GOOGLE2" time="0.0">
    <skipped/>
  </testcase> <!-- GOOGLE2 -->
</testsuite> <!-- FirstTest -->
